# JRE version: Java(TM) SE Runtime Environment (9.0+11) (build 9.0.4+11)
# Java VM: Java HotSpot(TM) 64-Bit Server VM (9.0.4+11, mixed mode, tiered, compressed oops, g1 gc, windows-amd64)
Heap:
 garbage-first heap   total 534528K, used 238884K [0x0000000700000000, 0x0000000700101050, 0x00000007c0000000)
  region size 1024K, 42 young (43008K), 3 survivors (3072K)
 Metaspace       used 104678K, capacity 107750K, committed 112000K, reserved 1144832K
  class space    used 15296K, capacity 15867K, committed 16768K, reserved 1048576K
GC Heap History (10 events):
Event: 23686.310 GC heap before
{Heap before GC invocations=2475 (full 315):
 garbage-first heap   total 534528K, used 250103K [0x0000000700000000, 0x0000000700101050, 0x00000007c0000000)
  region size 1024K, 60 young (61440K), 8 survivors (8192K)
 Metaspace       used 104647K, capacity 107622K, committed 111744K, reserved 1144832K
  class space    used 15296K, capacity 15867K, committed 16768K, reserved 1048576K
}
Event: 23686.331 GC heap after
{Heap after GC invocations=2476 (full 315):
 garbage-first heap   total 534528K, used 198292K [0x0000000700000000, 0x0000000700101050, 0x00000007c0000000)
  region size 1024K, 2 young (2048K), 2 survivors (2048K)
 Metaspace       used 104647K, capacity 107622K, committed 111744K, reserved 1144832K
  class space    used 15296K, capacity 15867K, committed 16768K, reserved 1048576K
}
Event: 23689.387 GC heap before
{Heap before GC invocations=2476 (full 315):
 garbage-first heap   total 534528K, used 257684K [0x0000000700000000, 0x0000000700101050, 0x00000007c0000000)
  region size 1024K, 60 young (61440K), 2 survivors (2048K)
 Metaspace       used 104653K, capacity 107622K, committed 111744K, reserved 1144832K
  class space    used 15296K, capacity 15867K, committed 16768K, reserved 1048576K
}
Event: 23689.393 GC heap after
{Heap after GC invocations=2477 (full 315):
 garbage-first heap   total 534528K, used 198579K [0x0000000700000000, 0x0000000700101050, 0x00000007c0000000)
  region size 1024K, 2 young (2048K), 2 survivors (2048K)
 Metaspace       used 104653K, capacity 107622K, committed 111744K, reserved 1144832K
  class space    used 15296K, capacity 15867K, committed 16768K, reserved 1048576K
}
Event: 23690.178 GC heap before
{Heap before GC invocations=2477 (full 315):
 garbage-first heap   total 534528K, used 257971K [0x0000000700000000, 0x0000000700101050, 0x00000007c0000000)
  region size 1024K, 60 young (61440K), 2 survivors (2048K)
 Metaspace       used 104655K, capacity 107686K, committed 112000K, reserved 1144832K
  class space    used 15296K, capacity 15867K, committed 16768K, reserved 1048576K
}
Event: 23690.182 GC heap after
{Heap after GC invocations=2478 (full 315):
 garbage-first heap   total 534528K, used 198733K [0x0000000700000000, 0x0000000700101050, 0x00000007c0000000)
  region size 1024K, 2 young (2048K), 2 survivors (2048K)
 Metaspace       used 104655K, capacity 107686K, committed 112000K, reserved 1144832K
  class space    used 15296K, capacity 15867K, committed 16768K, reserved 1048576K
}
Event: 23690.580 GC heap before
{Heap before GC invocations=2478 (full 315):
 garbage-first heap   total 534528K, used 258125K [0x0000000700000000, 0x0000000700101050, 0x00000007c0000000)
  region size 1024K, 60 young (61440K), 2 survivors (2048K)
 Metaspace       used 104657K, capacity 107750K, committed 112000K, reserved 1144832K
  class space    used 15296K, capacity 15867K, committed 16768K, reserved 1048576K
}
Event: 23690.584 GC heap after
{Heap after GC invocations=2479 (full 315):
 garbage-first heap   total 534528K, used 199131K [0x0000000700000000, 0x0000000700101050, 0x00000007c0000000)
  region size 1024K, 3 young (3072K), 3 survivors (3072K)
 Metaspace       used 104657K, capacity 107750K, committed 112000K, reserved 1144832K
  class space    used 15296K, capacity 15867K, committed 16768K, reserved 1048576K
}
Event: 23698.370 GC heap before
{Heap before GC invocations=2479 (full 315):
 garbage-first heap   total 534528K, used 257499K [0x0000000700000000, 0x0000000700101050, 0x00000007c0000000)
  region size 1024K, 60 young (61440K), 3 survivors (3072K)
 Metaspace       used 104675K, capacity 107750K, committed 112000K, reserved 1144832K
  class space    used 15296K, capacity 15867K, committed 16768K, reserved 1048576K
}
Event: 23698.378 GC heap after
{Heap after GC invocations=2480 (full 315):
 garbage-first heap   total 534528K, used 199972K [0x0000000700000000, 0x0000000700101050, 0x00000007c0000000)
  region size 1024K, 3 young (3072K), 3 survivors (3072K)
 Metaspace       used 104675K, capacity 107750K, committed 112000K, reserved 1144832K
  class space    used 15296K, capacity 15867K, committed 16768K, reserved 1048576K
}

